<?xml version="1.0" encoding="UTF-8"?>
<coverage generated="1459892022">
  <project timestamp="1459892022">
    <package name="Library">
      <file name="/Users/dustinweaver/Uploader/src/Library/Uploader.php">
        <class name="Uploader" namespace="Library">
          <metrics methods="9" coveredmethods="9" conditionals="0" coveredconditionals="0" statements="44" coveredstatements="44" elements="53" coveredelements="53"/>
        </class>
        <line num="11" type="method" name="__construct" crap="1" count="7"/>
        <line num="13" type="stmt" count="7"/>
        <line num="14" type="stmt" count="7"/>
        <line num="16" type="stmt" count="7"/>
        <line num="17" type="stmt" count="7"/>
        <line num="18" type="stmt" count="7"/>
        <line num="19" type="stmt" count="7"/>
        <line num="20" type="stmt" count="7"/>
        <line num="21" type="stmt" count="7"/>
        <line num="23" type="method" name="set_target" crap="2" count="7"/>
        <line num="25" type="stmt" count="7"/>
        <line num="26" type="stmt" count="7"/>
        <line num="28" type="stmt" count="7"/>
        <line num="29" type="stmt" count="7"/>
        <line num="30" type="stmt" count="7"/>
        <line num="31" type="stmt" count="7"/>
        <line num="33" type="stmt" count="7"/>
        <line num="34" type="stmt" count="7"/>
        <line num="36" type="method" name="get_file_type" crap="1" count="7"/>
        <line num="38" type="stmt" count="7"/>
        <line num="41" type="method" name="get_filesize" crap="1" count="7"/>
        <line num="43" type="stmt" count="7"/>
        <line num="46" type="method" name="set_whitelist" crap="2" count="7"/>
        <line num="48" type="stmt" count="7"/>
        <line num="49" type="stmt" count="7"/>
        <line num="50" type="stmt" count="2"/>
        <line num="51" type="stmt" count="2"/>
        <line num="52" type="stmt" count="7"/>
        <line num="54" type="method" name="set_filesize_limit" crap="3" count="7"/>
        <line num="56" type="stmt" count="7"/>
        <line num="57" type="stmt" count="7"/>
        <line num="58" type="stmt" count="1"/>
        <line num="59" type="stmt" count="1"/>
        <line num="60" type="stmt" count="7"/>
        <line num="62" type="method" name="check_blacklist" crap="3" count="7"/>
        <line num="64" type="stmt" count="7"/>
        <line num="65" type="stmt" count="7"/>
        <line num="66" type="stmt" count="1"/>
        <line num="67" type="stmt" count="1"/>
        <line num="68" type="stmt" count="7"/>
        <line num="70" type="method" name="save_file" crap="4" count="7"/>
        <line num="72" type="stmt" count="7"/>
        <line num="73" type="stmt" count="7"/>
        <line num="74" type="stmt" count="4"/>
        <line num="75" type="stmt" count="4"/>
        <line num="76" type="stmt" count="1"/>
        <line num="77" type="stmt" count="1"/>
        <line num="78" type="stmt" count="1"/>
        <line num="79" type="stmt" count="4"/>
        <line num="82" type="stmt" count="3"/>
        <line num="84" type="stmt" count="7"/>
        <line num="86" type="method" name="get_uploaded_file" crap="1" count="2"/>
        <line num="88" type="stmt" count="2"/>
        <metrics loc="91" ncloc="91" classes="1" methods="9" coveredmethods="9" conditionals="0" coveredconditionals="0" statements="44" coveredstatements="44" elements="53" coveredelements="53"/>
      </file>
    </package>
    <metrics files="1" loc="91" ncloc="91" classes="1" methods="9" coveredmethods="9" conditionals="0" coveredconditionals="0" statements="44" coveredstatements="44" elements="53" coveredelements="53"/>
  </project>
</coverage>
